This is pdfTeX, Version 3.14159265-2.6-1.40.21 (MiKTeX 20.10) (preloaded format=pdflatex 2020.10.31)  1 DEC 2020 18:30
entering extended mode
**./document.tex
(document.tex
LaTeX2e <2020-10-01> patch level 2
L3 programming layer <2020-10-05> xparse <2020-03-03>
("C:\Users\uenge\AppData\Local\Programs\MiKTeX 2.9\tex/latex/base\article.cls"
Document Class: article 2020/04/10 v1.4m Standard LaTeX document class
("C:\Users\uenge\AppData\Local\Programs\MiKTeX 2.9\tex/latex/base\size10.clo"
File: size10.clo 2020/04/10 v1.4m Standard LaTeX file (size option)
)
\c@part=\count175
\c@section=\count176
\c@subsection=\count177
\c@subsubsection=\count178
\c@paragraph=\count179
\c@subparagraph=\count180
\c@figure=\count181
\c@table=\count182
\abovecaptionskip=\skip47
\belowcaptionskip=\skip48
\bibindent=\dimen138
)
("C:\Users\uenge\AppData\Local\Programs\MiKTeX 2.9\tex/latex/hyperref\hyperref.
sty"
Package: hyperref 2020-05-15 v7.00e Hypertext links for LaTeX

("C:\Users\uenge\AppData\Local\Programs\MiKTeX 2.9\tex/generic/ltxcmds\ltxcmds.
sty"
Package: ltxcmds 2020-05-10 v1.25 LaTeX kernel commands for general use (HO)
)
("C:\Users\uenge\AppData\Local\Programs\MiKTeX 2.9\tex/generic/iftex\iftex.sty"
Package: iftex 2020/03/06 v1.0d TeX engine tests
)
("C:\Users\uenge\AppData\Local\Programs\MiKTeX 2.9\tex/generic/pdftexcmds\pdfte
xcmds.sty"
Package: pdftexcmds 2020-06-27 v0.33 Utility functions of pdfTeX for LuaTeX (HO
)

("C:\Users\uenge\AppData\Local\Programs\MiKTeX 2.9\tex/generic/infwarerr\infwar
err.sty"
Package: infwarerr 2019/12/03 v1.5 Providing info/warning/error messages (HO)
)
Package pdftexcmds Info: \pdf@primitive is available.
Package pdftexcmds Info: \pdf@ifprimitive is available.
Package pdftexcmds Info: \pdfdraftmode found.
)
("C:\Users\uenge\AppData\Local\Programs\MiKTeX 2.9\tex/latex/graphics\keyval.st
y"
Package: keyval 2014/10/28 v1.15 key=value parser (DPC)
\KV@toks@=\toks15
)
("C:\Users\uenge\AppData\Local\Programs\MiKTeX 2.9\tex/generic/kvsetkeys\kvsetk
eys.sty"
Package: kvsetkeys 2019/12/15 v1.18 Key value parser (HO)
)
("C:\Users\uenge\AppData\Local\Programs\MiKTeX 2.9\tex/generic/kvdefinekeys\kvd
efinekeys.sty"
Package: kvdefinekeys 2019-12-19 v1.6 Define keys (HO)
)
("C:\Users\uenge\AppData\Local\Programs\MiKTeX 2.9\tex/generic/pdfescape\pdfesc
ape.sty"
Package: pdfescape 2019/12/09 v1.15 Implements pdfTeX's escape features (HO)
)
("C:\Users\uenge\AppData\Local\Programs\MiKTeX 2.9\tex/latex/hycolor\hycolor.st
y"
Package: hycolor 2020-01-27 v1.10 Color options for hyperref/bookmark (HO)
)
("C:\Users\uenge\AppData\Local\Programs\MiKTeX 2.9\tex/latex/letltxmacro\letltx
macro.sty"
Package: letltxmacro 2019/12/03 v1.6 Let assignment for LaTeX macros (HO)
)
("C:\Users\uenge\AppData\Local\Programs\MiKTeX 2.9\tex/latex/auxhook\auxhook.st
y"
Package: auxhook 2019-12-17 v1.6 Hooks for auxiliary files (HO)
)
("C:\Users\uenge\AppData\Local\Programs\MiKTeX 2.9\tex/latex/kvoptions\kvoption
s.sty"
Package: kvoptions 2019/11/29 v3.13 Key value format for package options (HO)
)
\@linkdim=\dimen139
\Hy@linkcounter=\count183
\Hy@pagecounter=\count184

("C:\Users\uenge\AppData\Local\Programs\MiKTeX 2.9\tex/latex/hyperref\pd1enc.de
f"
File: pd1enc.def 2020-05-15 v7.00e Hyperref: PDFDocEncoding definition (HO)
Now handling font encoding PD1 ...
... no UTF-8 mapping file for font encoding PD1
)
("C:\Users\uenge\AppData\Local\Programs\MiKTeX 2.9\tex/generic/intcalc\intcalc.
sty"
Package: intcalc 2019/12/15 v1.3 Expandable calculations with integers (HO)
)
("C:\Users\uenge\AppData\Local\Programs\MiKTeX 2.9\tex/generic/etexcmds\etexcmd
s.sty"
Package: etexcmds 2019/12/15 v1.7 Avoid name clashes with e-TeX commands (HO)
)
\Hy@SavedSpaceFactor=\count185
Package hyperref Info: Hyper figures OFF on input line 4464.
Package hyperref Info: Link nesting OFF on input line 4469.
Package hyperref Info: Hyper index ON on input line 4472.
Package hyperref Info: Plain pages OFF on input line 4479.
Package hyperref Info: Backreferencing OFF on input line 4484.
Package hyperref Info: Implicit mode ON; LaTeX internals redefined.
Package hyperref Info: Bookmarks ON on input line 4717.
\c@Hy@tempcnt=\count186
 ("C:\Users\uenge\AppData\Local\Programs\MiKTeX 2.9\tex/latex/url\url.sty"
\Urlmuskip=\muskip16
Package: url 2013/09/16  ver 3.4  Verb mode for urls, etc.
)
LaTeX Info: Redefining \url on input line 5076.
\XeTeXLinkMargin=\dimen140

("C:\Users\uenge\AppData\Local\Programs\MiKTeX 2.9\tex/generic/bitset\bitset.st
y"
Package: bitset 2019/12/09 v1.3 Handle bit-vector datatype (HO)

("C:\Users\uenge\AppData\Local\Programs\MiKTeX 2.9\tex/generic/bigintcalc\bigin
tcalc.sty"
Package: bigintcalc 2019/12/15 v1.5 Expandable calculations on big integers (HO
)
))
\Fld@menulength=\count187
\Field@Width=\dimen141
\Fld@charsize=\dimen142
Package hyperref Info: Hyper figures OFF on input line 6347.
Package hyperref Info: Link nesting OFF on input line 6352.
Package hyperref Info: Hyper index ON on input line 6355.
Package hyperref Info: backreferencing OFF on input line 6362.
Package hyperref Info: Link coloring OFF on input line 6367.
Package hyperref Info: Link coloring with OCG OFF on input line 6372.
Package hyperref Info: PDF/A mode OFF on input line 6377.
LaTeX Info: Redefining \ref on input line 6417.
LaTeX Info: Redefining \pageref on input line 6421.

("C:\Users\uenge\AppData\Local\Programs\MiKTeX 2.9\tex/latex/base\atbegshi-ltx.
sty"
Package: atbegshi-ltx 2020/08/17 v1.0a Emulation of the original atbegshi packa
ge
with kernel methods
)
\Hy@abspage=\count188
\c@Item=\count189
\c@Hfootnote=\count190
)
Package hyperref Info: Driver (autodetected): hpdftex.

("C:\Users\uenge\AppData\Local\Programs\MiKTeX 2.9\tex/latex/hyperref\hpdftex.d
ef"
File: hpdftex.def 2020-05-15 v7.00e Hyperref driver for pdfTeX

("C:\Users\uenge\AppData\Local\Programs\MiKTeX 2.9\tex/latex/base\atveryend-ltx
.sty"
Package: atveryend-ltx 2020/08/19 v1.0a Emulation of the original atvery packag
e
with kernel methods
)
\Fld@listcount=\count191
\c@bookmark@seq@number=\count192

("C:\Users\uenge\AppData\Local\Programs\MiKTeX 2.9\tex/latex/rerunfilecheck\rer
unfilecheck.sty"
Package: rerunfilecheck 2019/12/05 v1.9 Rerun checks for auxiliary files (HO)

("C:\Users\uenge\AppData\Local\Programs\MiKTeX 2.9\tex/generic/uniquecounter\un
iquecounter.sty"
Package: uniquecounter 2019/12/15 v1.4 Provide unlimited unique counter (HO)
)
Package uniquecounter Info: New unique counter `rerunfilecheck' on input line 2
86.
)
\Hy@SectionHShift=\skip49
)
("C:\Users\uenge\AppData\Local\Programs\MiKTeX 2.9\tex/latex/l3backend\l3backen
d-pdftex.def"
File: l3backend-pdftex.def 2020-09-24 L3 backend support: PDF output (pdfTeX)
\l__kernel_color_stack_int=\count193
\l__pdf_internal_box=\box47
) (document.aux)
\openout1 = `document.aux'.

LaTeX Font Info:    Checking defaults for OML/cmm/m/it on input line 8.
LaTeX Font Info:    ... okay on input line 8.
LaTeX Font Info:    Checking defaults for OMS/cmsy/m/n on input line 8.
LaTeX Font Info:    ... okay on input line 8.
LaTeX Font Info:    Checking defaults for OT1/cmr/m/n on input line 8.
LaTeX Font Info:    ... okay on input line 8.
LaTeX Font Info:    Checking defaults for T1/cmr/m/n on input line 8.
LaTeX Font Info:    ... okay on input line 8.
LaTeX Font Info:    Checking defaults for TS1/cmr/m/n on input line 8.
LaTeX Font Info:    ... okay on input line 8.
LaTeX Font Info:    Checking defaults for OMX/cmex/m/n on input line 8.
LaTeX Font Info:    ... okay on input line 8.
LaTeX Font Info:    Checking defaults for U/cmr/m/n on input line 8.
LaTeX Font Info:    ... okay on input line 8.
LaTeX Font Info:    Checking defaults for PD1/pdf/m/n on input line 8.
LaTeX Font Info:    ... okay on input line 8.
Package hyperref Info: Link coloring OFF on input line 8.

("C:\Users\uenge\AppData\Local\Programs\MiKTeX 2.9\tex/latex/hyperref\nameref.s
ty"
Package: nameref 2019/09/16 v2.46 Cross-referencing by name of section

("C:\Users\uenge\AppData\Local\Programs\MiKTeX 2.9\tex/latex/refcount\refcount.
sty"
Package: refcount 2019/12/15 v3.6 Data extraction from label references (HO)
)
("C:\Users\uenge\AppData\Local\Programs\MiKTeX 2.9\tex/generic/gettitlestring\g
ettitlestring.sty"
Package: gettitlestring 2019/12/15 v1.6 Cleanup title references (HO)
)
\c@section@level=\count194
)
LaTeX Info: Redefining \ref on input line 8.
LaTeX Info: Redefining \pageref on input line 8.
LaTeX Info: Redefining \nameref on input line 8.
 (document.out) (document.out)
\@outlinefile=\write3
\openout3 = `document.out'.

LaTeX Font Info:    External font `cmex10' loaded for size
(Font)              <12> on input line 10.
LaTeX Font Info:    External font `cmex10' loaded for size
(Font)              <8> on input line 10.
LaTeX Font Info:    External font `cmex10' loaded for size
(Font)              <6> on input line 10.
 [1

{C:/Users/uenge/AppData/Local/MiKTeX/2.9/pdftex/config/pdftex.map}]
LaTeX Font Info:    External font `cmex10' loaded for size
(Font)              <7> on input line 58.
LaTeX Font Info:    External font `cmex10' loaded for size
(Font)              <5> on input line 58.
 [2] (document.aux)
Package rerunfilecheck Info: File `document.out' has not changed.
(rerunfilecheck)             Checksum: 984901A05671F00563EEAD810F4D55D8;423.
 ) 
Here is how much of TeX's memory you used:
 4367 strings out of 480203
 71002 string characters out of 2877049
 361916 words of memory out of 3000000
 20890 multiletter control sequences out of 15000+200000
 539538 words of font info for 44 fonts, out of 3000000 for 9000
 1141 hyphenation exceptions out of 8191
 66i,4n,72p,415b,375s stack positions out of 5000i,500n,10000p,200000b,50000s
 <C:\Users\uenge\AppData\Local\MiKTeX\2.9\fonts/pk/ljfour/jknappen/ec/dpi600\
tcrm1000.pk><C:/Users/uenge/AppData/Local/Programs/MiKTeX 2.9/fonts/type1/publi
c/amsfonts/cm/cmbx12.pfb><C:/Users/uenge/AppData/Local/Programs/MiKTeX 2.9/font
s/type1/public/amsfonts/cm/cmr10.pfb><C:/Users/uenge/AppData/Local/Programs/MiK
TeX 2.9/fonts/type1/public/amsfonts/cm/cmr12.pfb><C:/Users/uenge/AppData/Local/
Programs/MiKTeX 2.9/fonts/type1/public/amsfonts/cm/cmr17.pfb><C:/Users/uenge/Ap
pData/Local/Programs/MiKTeX 2.9/fonts/type1/public/amsfonts/cm/cmtt10.pfb>
Output written on document.pdf (2 pages, 75364 bytes).
PDF statistics:
 77 PDF objects out of 1000 (max. 8388607)
 11 named destinations out of 1000 (max. 500000)
 65 words of extra memory for PDF output out of 10000 (max. 10000000)

